#
# A fatal error has been detected by the Java Runtime Environment:
#
#  EXCEPTION_ACCESS_VIOLATION (0xc0000005) at pc=0x0000000055966e44, pid=14056, tid=0x00000000000012b8
#
# JRE version: Java(TM) SE Runtime Environment (8.0_201-b09) (build 1.8.0_201-b09)
# Java VM: Java HotSpot(TM) 64-Bit Server VM (25.201-b09 mixed mode windows-amd64 compressed oops)
# Problematic frame:
# V  [jvm.dll+0x66e44]
#
# Failed to write core dump. Minidumps are not enabled by default on client versions of Windows
#
# If you would like to submit a bug report, please visit:
#   http://bugreport.java.com/bugreport/crash.jsp
#

---------------  T H R E A D  ---------------

Current thread (0x000000001bee6000):  JavaThread "C1 CompilerThread3" daemon [_thread_in_vm, id=4792, stack(0x000000001c9a0000,0x000000001caa0000)]

siginfo: ExceptionCode=0xc0000005, reading address 0xffffffffffffffff

Registers:
RAX=0x3f10865e3f108a0f, RBX=0x0000000780e24210, RCX=0x000000001cef5ca0, RDX=0x0000000000000000
RSP=0x000000001ca9e440, RBP=0x000000001bed90e0, RSI=0x0000000002a3dd00, RDI=0x000000001ce2bb68
R8 =0x000000002fc86382, R9 =0x0000000002a3dd00, R10=0x00000000000000e3, R11=0x000000002fc86382
R12=0x000000001ca9e758, R13=0x0000000000000011, R14=0x000000001ca9f490, R15=0x000000001bf36390
RIP=0x0000000055966e44, EFLAGS=0x0000000000010206

Top of Stack: (sp=0x000000001ca9e440)
0x000000001ca9e440:   0000000000000000 00000000195ec848
0x000000001ca9e450:   0000000002a3dd00 000000005597b617
0x000000001ca9e460:   000000001bee6000 000000005596792a
0x000000001ca9e470:   000000001ce2bb68 000000001ca9e758
0x000000001ca9e480:   0000000000000011 000000001ca9e758
0x000000001ca9e490:   0000000002aedfe0 000000005597b110
0x000000001ca9e4a0:   0000000000000000 00000000029f18d0
0x000000001ca9e4b0:   0000000000000000 0000000055943d1e
0x000000001ca9e4c0:   0000000002aedfe0 000000001bed90e0
0x000000001ca9e4d0:   000000001bee6000 000000001bf40da1
0x000000001ca9e4e0:   000000001bee6000 000000005597b20d
0x000000001ca9e4f0:   0000000002a3dd00 000000001bed90e8
0x000000001ca9e500:   000000001bed90e0 0000000000000000
0x000000001ca9e510:   000000001ca9e610 000000001bee6000
0x000000001ca9e520:   000000001bed90d8 000000005592f6b8
0x000000001ca9e530:   00000000029f18d0 000000001bed90d8 

Instructions: (pc=0x0000000055966e44)
0x0000000055966e24:   48 8b 5c 24 30 48 83 c4 20 5f c3 48 8b 4f 18 48
0x0000000055966e34:   85 c9 74 1a 0f 1f 84 00 00 00 00 00 48 8b 41 08
0x0000000055966e44:   48 39 58 10 74 d8 48 8b 09 48 85 c9 75 ee 32 c0
0x0000000055966e54:   48 8b 5c 24 30 48 83 c4 20 5f c3 cc 4c 63 05 4d 


Register to memory mapping:

RAX=0x3f10865e3f108a0f is an unknown value
RBX=0x0000000780e24210 is an oop
java.security.ProtectionDomain 
 - klass: 'java/security/ProtectionDomain'
RCX=0x000000001cef5ca0 is an unknown value
RDX=0x0000000000000000 is an unknown value
RSP=0x000000001ca9e440 is pointing into the stack for thread: 0x000000001bee6000
RBP=0x000000001bed90e0 is an unknown value
RSI=0x0000000002a3dd00 is an unknown value
RDI=0x000000001ce2bb68 is an unknown value
R8 =0x000000002fc86382 is an unknown value
R9 =0x0000000002a3dd00 is an unknown value
R10=0x00000000000000e3 is an unknown value
R11=0x000000002fc86382 is an unknown value
R12=0x000000001ca9e758 is pointing into the stack for thread: 0x000000001bee6000
R13=0x0000000000000011 is an unknown value
R14=0x000000001ca9f490 is pointing into the stack for thread: 0x000000001bee6000
R15=0x000000001bf36390 is an unknown value


Stack: [0x000000001c9a0000,0x000000001caa0000],  sp=0x000000001ca9e440,  free space=1017k
Native frames: (J=compiled Java code, j=interpreted, Vv=VM code, C=native code)
V  [jvm.dll+0x66e44]
V  [jvm.dll+0x6792a]
V  [jvm.dll+0x7b110]
V  [jvm.dll+0x7b20d]
V  [jvm.dll+0x2f6b8]
V  [jvm.dll+0x2fca1]
V  [jvm.dll+0x2fe4a]
V  [jvm.dll+0x32aca]
V  [jvm.dll+0x2d75c]
V  [jvm.dll+0x2f21a]
V  [jvm.dll+0x460be]
V  [jvm.dll+0x41c43f]
V  [jvm.dll+0x422bc7]
V  [jvm.dll+0x42339b]
V  [jvm.dll+0x4242b6]
V  [jvm.dll+0x424518]
V  [jvm.dll+0x4201f2]
V  [jvm.dll+0x422bd7]
V  [jvm.dll+0x4234cd]
V  [jvm.dll+0x4238c2]
V  [jvm.dll+0x4289e5]
V  [jvm.dll+0x428af0]
V  [jvm.dll+0x412038]
V  [jvm.dll+0x4122a1]
V  [jvm.dll+0x412462]
V  [jvm.dll+0x412631]
V  [jvm.dll+0x41283f]
V  [jvm.dll+0xa6b42]
V  [jvm.dll+0xa748f]
V  [jvm.dll+0x24656f]
V  [jvm.dll+0x29fb6a]
C  [msvcr100.dll+0x21db7]
C  [msvcr100.dll+0x21e53]
C  [KERNEL32.DLL+0x17bd4]
C  [ntdll.dll+0x6ce51]


Current CompileTask:
C1:   5925  900   !   3       jogamp.common.util.locks.RecursiveLockImpl01Unfairish::validateLocked (147 bytes)


---------------  P R O C E S S  ---------------

Java Threads: ( => current thread )
  0x00000000029f2800 JavaThread "DestroyJavaVM" [_thread_blocked, id=9028, stack(0x00000000027f0000,0x00000000028f0000)]
  0x0000000023a3b800 JavaThread "main-AWTAnimator#00" [_thread_blocked, id=10108, stack(0x0000000025610000,0x0000000025710000)]
  0x000000001d1b9800 JavaThread "main-SharedResourceRunner" daemon [_thread_blocked, id=16272, stack(0x000000001eae0000,0x000000001ebe0000)]
  0x000000001cfdb800 JavaThread "AWT-EventQueue-0" [_thread_in_native, id=448, stack(0x000000001e7e0000,0x000000001e8e0000)]
  0x000000001ce83000 JavaThread "AWT-Windows" daemon [_thread_in_native, id=8940, stack(0x000000001d8b0000,0x000000001d9b0000)]
  0x000000001ce80800 JavaThread "AWT-Shutdown" [_thread_blocked, id=14748, stack(0x000000001d7b0000,0x000000001d8b0000)]
  0x000000001ce7f800 JavaThread "Java2D Disposer" daemon [_thread_blocked, id=9420, stack(0x000000001d5e0000,0x000000001d6e0000)]
  0x000000001bf61800 JavaThread "Service Thread" daemon [_thread_blocked, id=16732, stack(0x000000001caa0000,0x000000001cba0000)]
=>0x000000001bee6000 JavaThread "C1 CompilerThread3" daemon [_thread_in_vm, id=4792, stack(0x000000001c9a0000,0x000000001caa0000)]
  0x000000001bed8000 JavaThread "C2 CompilerThread2" daemon [_thread_blocked, id=17096, stack(0x000000001c8a0000,0x000000001c9a0000)]
  0x000000001bed2800 JavaThread "C2 CompilerThread1" daemon [_thread_blocked, id=17232, stack(0x000000001c7a0000,0x000000001c8a0000)]
  0x000000001becc800 JavaThread "C2 CompilerThread0" daemon [_thread_blocked, id=17180, stack(0x000000001c6a0000,0x000000001c7a0000)]
  0x000000001bec9800 JavaThread "Attach Listener" daemon [_thread_blocked, id=17196, stack(0x000000001c5a0000,0x000000001c6a0000)]
  0x0000000019fce800 JavaThread "Signal Dispatcher" daemon [_thread_blocked, id=8648, stack(0x000000001c4a0000,0x000000001c5a0000)]
  0x0000000002ae9000 JavaThread "Finalizer" daemon [_thread_blocked, id=2672, stack(0x000000001c2a0000,0x000000001c3a0000)]
  0x0000000002ae8000 JavaThread "Reference Handler" daemon [_thread_blocked, id=14876, stack(0x000000001bda0000,0x000000001bea0000)]

Other Threads:
  0x0000000019fb9000 VMThread [stack: 0x000000001bca0000,0x000000001bda0000] [id=9660]
  0x000000001bf84000 WatcherThread [stack: 0x000000001cba0000,0x000000001cca0000] [id=16544]

VM state:not at safepoint (normal execution)

VM Mutex/Monitor currently owned by a thread:  ([mutex/lock_event])
[0x00000000029f18d0] Compile_lock - owner thread: 0x000000001bee6000

heap address: 0x0000000701c00000, size: 3044 MB, Compressed Oops mode: Zero based, Oop shift amount: 3
Narrow klass base: 0x0000000000000000, Narrow klass shift: 3
Compressed class space size: 1073741824 Address: 0x00000007c0000000

Heap:
 PSYoungGen      total 57344K, used 43408K [0x0000000780980000, 0x0000000784980000, 0x00000007c0000000)
  eden space 49152K, 88% used [0x0000000780980000,0x00000007833e40a0,0x0000000783980000)
  from space 8192K, 0% used [0x0000000784180000,0x0000000784180000,0x0000000784980000)
  to   space 8192K, 0% used [0x0000000783980000,0x0000000783980000,0x0000000784180000)
 ParOldGen       total 131072K, used 0K [0x0000000701c00000, 0x0000000709c00000, 0x0000000780980000)
  object space 131072K, 0% used [0x0000000701c00000,0x0000000701c00000,0x0000000709c00000)
 Metaspace       used 17012K, capacity 17208K, committed 17408K, reserved 1064960K
  class space    used 1692K, capacity 1765K, committed 1792K, reserved 1048576K

Card table byte_map: [0x0000000011eb0000,0x00000000124b0000] byte_map_base: 0x000000000e6a2000

Marking Bits: (ParMarkBitMap*) 0x0000000056124ce0
 Begin Bits: [0x00000000130b0000, 0x0000000016040000)
 End Bits:   [0x0000000016040000, 0x0000000018fd0000)

Polling page: 0x0000000000f40000

CodeCache: size=245760Kb used=3335Kb max_used=3335Kb free=242424Kb
 bounds [0x0000000002af0000, 0x0000000002e40000, 0x0000000011af0000]
 total_blobs=1759 nmethods=898 adapters=774
 compilation: enabled

Compilation events (10 events):
Event: 5.750 Thread 0x000000001bee6000 nmethod 894 0x0000000002e27910 code [0x0000000002e27ae0, 0x0000000002e28118]
Event: 5.750 Thread 0x000000001bee6000  895       3       jogamp.opengl.gl4.GL4bcImpl::glBindBuffer (54 bytes)
Event: 5.751 Thread 0x000000001bee6000 nmethod 895 0x0000000002e30cd0 code [0x0000000002e30f20, 0x0000000002e31d78]
Event: 5.751 Thread 0x000000001bee6000  896       3       jogamp.opengl.gl4.GL4bcImpl::checkBufferObject (187 bytes)
Event: 5.752 Thread 0x000000001bee6000 nmethod 896 0x0000000002e32690 code [0x0000000002e32960, 0x0000000002e33eb8]
Event: 5.766 Thread 0x000000001bee6000  897       3       java.nio.DirectByteBuffer::ix (10 bytes)
Event: 5.767 Thread 0x000000001bee6000 nmethod 897 0x0000000002e27610 code [0x0000000002e27760, 0x0000000002e278b0]
Event: 5.783 Thread 0x000000001bee6000  898       3       com.jogamp.opengl.GLContext::getCurrent (10 bytes)
Event: 5.783 Thread 0x000000001bee6000 nmethod 898 0x0000000002e27110 code [0x0000000002e27280, 0x0000000002e27568]
Event: 5.816 Thread 0x000000001bee6000  900   !   3       jogamp.common.util.locks.RecursiveLockImpl01Unfairish::validateLocked (147 bytes)

GC Heap History (0 events):
No events

Deoptimization events (8 events):
Event: 0.343 Thread 0x00000000029f2800 Uncommon trap: reason=unstable_if action=reinterpret pc=0x0000000002ca133c method=java.lang.String.indexOf([CII[CIII)I @ 3
Event: 0.978 Thread 0x00000000029f2800 Uncommon trap: reason=unstable_if action=reinterpret pc=0x0000000002ce5cbc method=java.lang.String.<init>([CII)V @ 18
Event: 1.881 Thread 0x000000001ce83000 Uncommon trap: reason=unstable_if action=reinterpret pc=0x0000000002da3be0 method=java.util.HashMap.containsKey(Ljava/lang/Object;)Z @ 9
Event: 1.901 Thread 0x00000000029f2800 Uncommon trap: reason=unstable_if action=reinterpret pc=0x0000000002da0c74 method=java.lang.reflect.AccessibleObject.setAccessible0(Ljava/lang/reflect/AccessibleObject;Z)V @ 4
Event: 5.142 Thread 0x000000001cfdb800 Uncommon trap: reason=unstable_if action=reinterpret pc=0x0000000002e064c4 method=org.joml.Math.cosFromSin(DD)D @ 70
Event: 5.142 Thread 0x000000001cfdb800 Uncommon trap: reason=unstable_if action=reinterpret pc=0x0000000002e05dbc method=org.joml.Math.cosFromSin(DD)D @ 70
Event: 5.142 Thread 0x000000001cfdb800 Uncommon trap: reason=unstable_if action=reinterpret pc=0x0000000002e050e8 method=org.joml.Math.cosFromSin(DD)D @ 70
Event: 5.143 Thread 0x000000001cfdb800 Uncommon trap: reason=unstable_if action=reinterpret pc=0x0000000002e08684 method=org.joml.Math.cosFromSin(DD)D @ 70

Classes redefined (0 events):
No events

Internal exceptions (10 events):
Event: 0.039 Thread 0x00000000029f2800 Exception <a 'java/lang/NoSuchMethodError': Method sun.misc.Unsafe.prefetchRead(Ljava/lang/Object;J)V name or signature does not match> (0x0000000780987f98) thrown at [C:\re\workspace\8-2-build-windows-amd64-cygwin\jdk8u201\12322\hotspot\src\share\vm\prim
Event: 0.124 Thread 0x00000000029f2800 Exception <a 'java/security/PrivilegedActionException'> (0x0000000780b75140) thrown at [C:\re\workspace\8-2-build-windows-amd64-cygwin\jdk8u201\12322\hotspot\src\share\vm\prims\jvm.cpp, line 1502]
Event: 0.124 Thread 0x00000000029f2800 Exception <a 'java/security/PrivilegedActionException'> (0x0000000780b75350) thrown at [C:\re\workspace\8-2-build-windows-amd64-cygwin\jdk8u201\12322\hotspot\src\share\vm\prims\jvm.cpp, line 1502]
Event: 0.124 Thread 0x00000000029f2800 Exception <a 'java/security/PrivilegedActionException'> (0x0000000780b78fc0) thrown at [C:\re\workspace\8-2-build-windows-amd64-cygwin\jdk8u201\12322\hotspot\src\share\vm\prims\jvm.cpp, line 1502]
Event: 0.124 Thread 0x00000000029f2800 Exception <a 'java/security/PrivilegedActionException'> (0x0000000780b791d0) thrown at [C:\re\workspace\8-2-build-windows-amd64-cygwin\jdk8u201\12322\hotspot\src\share\vm\prims\jvm.cpp, line 1502]
Event: 0.129 Thread 0x00000000029f2800 Exception <a 'java/io/FileNotFoundException'> (0x0000000780b7b2e8) thrown at [C:\re\workspace\8-2-build-windows-amd64-cygwin\jdk8u201\12322\hotspot\src\share\vm\prims\jni.cpp, line 709]
Event: 0.157 Thread 0x00000000029f2800 Exception <a 'java/lang/NoSuchFieldError': method resolution failed> (0x0000000780c4bba8) thrown at [C:\re\workspace\8-2-build-windows-amd64-cygwin\jdk8u201\12322\hotspot\src\share\vm\prims\methodHandles.cpp, line 1167]
Event: 0.158 Thread 0x00000000029f2800 Exception <a 'java/lang/NoSuchFieldError': method resolution failed> (0x0000000780c58f78) thrown at [C:\re\workspace\8-2-build-windows-amd64-cygwin\jdk8u201\12322\hotspot\src\share\vm\prims\methodHandles.cpp, line 1167]
Event: 0.198 Thread 0x00000000029f2800 Exception <a 'java/io/FileNotFoundException'> (0x0000000780d65cc8) thrown at [C:\re\workspace\8-2-build-windows-amd64-cygwin\jdk8u201\12322\hotspot\src\share\vm\prims\jni.cpp, line 709]
Event: 1.914 Thread 0x00000000029f2800 Exception <a 'java/lang/reflect/InvocationTargetException'> (0x0000000781c12a18) thrown at [C:\re\workspace\8-2-build-windows-amd64-cygwin\jdk8u201\12322\hotspot\src\share\vm\runtime\reflection.cpp, line 1092]

Events (10 events):
Event: 5.143 Thread 0x000000001cfdb800 DEOPT PACKING pc=0x0000000002e08684 sp=0x000000001e8dcbb0
Event: 5.143 Thread 0x000000001cfdb800 DEOPT UNPACKING pc=0x0000000002b3583b sp=0x000000001e8dc9f0 mode 2
Event: 5.155 loading class com/jogamp/opengl/util/GLBuffers
Event: 5.155 loading class com/jogamp/opengl/util/GLBuffers done
Event: 5.156 loading class a3/Camera
Event: 5.156 loading class a3/Camera done
Event: 5.158 loading class org/joml/internal/Runtime
Event: 5.158 loading class org/joml/internal/Runtime done
Event: 5.582 Executing VM operation: BulkRevokeBias
Event: 5.582 Executing VM operation: BulkRevokeBias done


Dynamic libraries:
0x00007ff6edc90000 - 0x00007ff6edcc7000 	C:\Program Files\Java\jre1.8.0_201\bin\javaw.exe
0x00007ffc80700000 - 0x00007ffc808f0000 	C:\WINDOWS\SYSTEM32\ntdll.dll
0x00007ffc80010000 - 0x00007ffc800c2000 	C:\WINDOWS\System32\KERNEL32.DLL
0x00007ffc7e290000 - 0x00007ffc7e533000 	C:\WINDOWS\System32\KERNELBASE.dll
0x00007ffc7e860000 - 0x00007ffc7e903000 	C:\WINDOWS\System32\ADVAPI32.dll
0x00007ffc7f600000 - 0x00007ffc7f69e000 	C:\WINDOWS\System32\msvcrt.dll
0x00007ffc7fbd0000 - 0x00007ffc7fc67000 	C:\WINDOWS\System32\sechost.dll
0x00007ffc7fef0000 - 0x00007ffc80010000 	C:\WINDOWS\System32\RPCRT4.dll
0x00007ffc7f730000 - 0x00007ffc7f8c4000 	C:\WINDOWS\System32\USER32.dll
0x00007ffc7d690000 - 0x00007ffc7d6b1000 	C:\WINDOWS\System32\win32u.dll
0x00007ffc7f290000 - 0x00007ffc7f2b6000 	C:\WINDOWS\System32\GDI32.dll
0x00007ffc7d7a0000 - 0x00007ffc7d934000 	C:\WINDOWS\System32\gdi32full.dll
0x00007ffc7e540000 - 0x00007ffc7e5de000 	C:\WINDOWS\System32\msvcp_win.dll
0x00007ffc7e600000 - 0x00007ffc7e6fa000 	C:\WINDOWS\System32\ucrtbase.dll
0x00007ffc71380000 - 0x00007ffc71605000 	C:\WINDOWS\WinSxS\amd64_microsoft.windows.common-controls_6595b64144ccf1df_6.0.18362.778_none_e6c6b761130d4fb8\COMCTL32.dll
0x00007ffc7f2c0000 - 0x00007ffc7f5f6000 	C:\WINDOWS\System32\combase.dll
0x00007ffc7d940000 - 0x00007ffc7d9c0000 	C:\WINDOWS\System32\bcryptPrimitives.dll
0x00007ffc7f700000 - 0x00007ffc7f72e000 	C:\WINDOWS\System32\IMM32.DLL
0x0000000055820000 - 0x00000000558f1000 	C:\Program Files\Java\jre1.8.0_201\bin\msvcr100.dll
0x0000000055900000 - 0x00000000561a4000 	C:\Program Files\Java\jre1.8.0_201\bin\server\jvm.dll
0x00007ffc7f9b0000 - 0x00007ffc7f9b8000 	C:\WINDOWS\System32\PSAPI.DLL
0x00007ffc71660000 - 0x00007ffc71684000 	C:\WINDOWS\SYSTEM32\WINMM.dll
0x00007ffc793e0000 - 0x00007ffc793ea000 	C:\WINDOWS\SYSTEM32\VERSION.dll
0x00007ffc63820000 - 0x00007ffc63829000 	C:\WINDOWS\SYSTEM32\WSOCK32.dll
0x00007ffc80650000 - 0x00007ffc806bf000 	C:\WINDOWS\System32\WS2_32.dll
0x00007ffc71630000 - 0x00007ffc7165d000 	C:\WINDOWS\SYSTEM32\WINMMBASE.dll
0x00007ffc7d6c0000 - 0x00007ffc7d70a000 	C:\WINDOWS\System32\cfgmgr32.dll
0x00007ffc635e0000 - 0x00007ffc635ef000 	C:\Program Files\Java\jre1.8.0_201\bin\verify.dll
0x00007ffc51d80000 - 0x00007ffc51da9000 	C:\Program Files\Java\jre1.8.0_201\bin\java.dll
0x00007ffc588b0000 - 0x00007ffc588c6000 	C:\Program Files\Java\jre1.8.0_201\bin\zip.dll
0x00007ffc7eb30000 - 0x00007ffc7f215000 	C:\WINDOWS\System32\SHELL32.dll
0x00007ffc7f9c0000 - 0x00007ffc7fa69000 	C:\WINDOWS\System32\shcore.dll
0x00007ffc7db10000 - 0x00007ffc7e290000 	C:\WINDOWS\System32\windows.storage.dll
0x00007ffc7d610000 - 0x00007ffc7d633000 	C:\WINDOWS\System32\profapi.dll
0x00007ffc7d640000 - 0x00007ffc7d68a000 	C:\WINDOWS\System32\powrprof.dll
0x00007ffc7d5c0000 - 0x00007ffc7d5d0000 	C:\WINDOWS\System32\UMPDC.dll
0x00007ffc800d0000 - 0x00007ffc80122000 	C:\WINDOWS\System32\shlwapi.dll
0x00007ffc7d5d0000 - 0x00007ffc7d5e1000 	C:\WINDOWS\System32\kernel.appcore.dll
0x00007ffc7e5e0000 - 0x00007ffc7e5f7000 	C:\WINDOWS\System32\cryptsp.dll
0x00007ffc26c90000 - 0x00007ffc26e29000 	C:\Program Files\Java\jre1.8.0_201\bin\awt.dll
0x00007ffc7fc70000 - 0x00007ffc7fd34000 	C:\WINDOWS\System32\OLEAUT32.dll
0x00007ffc7baf0000 - 0x00007ffc7bb7f000 	C:\WINDOWS\SYSTEM32\apphelp.dll
0x00007ffc7bf30000 - 0x00007ffc7bf5d000 	C:\WINDOWS\system32\DWMAPI.DLL
0x00007ffc7bda0000 - 0x00007ffc7be39000 	C:\WINDOWS\system32\uxtheme.dll
0x00007ffc479f0000 - 0x00007ffc47b46000 	C:\WINDOWS\system32\opengl32.dll
0x00007ffc47980000 - 0x00007ffc479ac000 	C:\WINDOWS\SYSTEM32\GLU32.dll
0x00007ffc7c230000 - 0x00007ffc7c250000 	C:\WINDOWS\SYSTEM32\dxcore.dll
0x00007ffc7e970000 - 0x00007ffc7eaa6000 	C:\WINDOWS\System32\MSCTF.dll
0x00007ffc7fa70000 - 0x00007ffc7fbc7000 	C:\WINDOWS\System32\ole32.dll
0x00007ffc7c940000 - 0x00007ffc7c973000 	C:\WINDOWS\system32\rsaenh.dll
0x00007ffc7d710000 - 0x00007ffc7d736000 	C:\WINDOWS\System32\bcrypt.dll
0x00007ffc7d4b0000 - 0x00007ffc7d4d5000 	C:\WINDOWS\SYSTEM32\USERENV.dll
0x00007ffc7cfa0000 - 0x00007ffc7cfac000 	C:\WINDOWS\SYSTEM32\CRYPTBASE.dll
0x00007ffc51d60000 - 0x00007ffc51d7a000 	C:\Program Files\Java\jre1.8.0_201\bin\net.dll
0x00007ffc72780000 - 0x00007ffc72955000 	C:\WINDOWS\SYSTEM32\urlmon.dll
0x00007ffc72350000 - 0x00007ffc725f6000 	C:\WINDOWS\SYSTEM32\iertutil.dll
0x00007ffc7cdd0000 - 0x00007ffc7ce37000 	C:\WINDOWS\system32\mswsock.dll
0x00007ffc7cae0000 - 0x00007ffc7cb1a000 	C:\WINDOWS\SYSTEM32\IPHLPAPI.DLL
0x00007ffc7e7b0000 - 0x00007ffc7e7b8000 	C:\WINDOWS\System32\NSI.dll
0x00007ffc798f0000 - 0x00007ffc79906000 	C:\WINDOWS\SYSTEM32\dhcpcsvc6.DLL
0x00007ffc798d0000 - 0x00007ffc798ec000 	C:\WINDOWS\SYSTEM32\dhcpcsvc.DLL
0x00007ffc7cb80000 - 0x00007ffc7cc4a000 	C:\WINDOWS\SYSTEM32\DNSAPI.dll
0x00007ffc51c70000 - 0x00007ffc51c81000 	C:\Program Files\Java\jre1.8.0_201\bin\nio.dll
0x00000000637c0000 - 0x00000000637cd000 	C:\Users\Sean Foley\AppData\Local\Temp\jogamp_0000\file_cache\jln4407648932323366243\jln6428767027576572132\natives\windows-amd64\gluegen-rt.dll
0x00007ffc711f0000 - 0x00007ffc711f7000 	C:\Program Files\Java\jre1.8.0_201\bin\jawt.dll
0x000000006a440000 - 0x000000006a44d000 	C:\Users\Sean Foley\AppData\Local\Temp\jogamp_0000\file_cache\jln4407648932323366243\jln6428767027576572132\natives\windows-amd64\nativewindow_awt.dll
0x000000006c100000 - 0x000000006c10f000 	C:\Users\Sean Foley\AppData\Local\Temp\jogamp_0000\file_cache\jln4407648932323366243\jln6428767027576572132\natives\windows-amd64\nativewindow_win32.dll
0x0000000064500000 - 0x00000000645b1000 	C:\Users\Sean Foley\AppData\Local\Temp\jogamp_0000\file_cache\jln4407648932323366243\jln6428767027576572132\natives\windows-amd64\jogl_desktop.dll
0x0000000064340000 - 0x00000000643a2000 	C:\Users\Sean Foley\AppData\Local\Temp\jogamp_0000\file_cache\jln4407648932323366243\jln6428767027576572132\natives\windows-amd64\jogl_mobile.dll
0x0000000053530000 - 0x0000000055812000 	C:\WINDOWS\SYSTEM32\nvoglv64.DLL
0x00007ffc80130000 - 0x00007ffc805a0000 	C:\WINDOWS\System32\SETUPAPI.dll
0x00007ffc789d0000 - 0x00007ffc789e3000 	C:\WINDOWS\SYSTEM32\WTSAPI32.dll
0x00007ffc7d3c0000 - 0x00007ffc7d3ea000 	C:\WINDOWS\SYSTEM32\DEVOBJ.dll
0x00007ffc7d740000 - 0x00007ffc7d79c000 	C:\WINDOWS\System32\WINTRUST.dll
0x00007ffc7d5f0000 - 0x00007ffc7d602000 	C:\WINDOWS\System32\MSASN1.dll
0x00007ffc7d9c0000 - 0x00007ffc7db09000 	C:\WINDOWS\System32\CRYPT32.dll
0x00007ffc7c5f0000 - 0x00007ffc7c621000 	C:\WINDOWS\SYSTEM32\ntmarta.dll
0x00007ffc7d360000 - 0x00007ffc7d3bc000 	C:\WINDOWS\SYSTEM32\WINSTA.dll
0x00007ffc51690000 - 0x00007ffc516d7000 	C:\Program Files\Java\jre1.8.0_201\bin\fontmanager.dll
0x00007ffc74700000 - 0x00007ffc7479e000 	C:\WINDOWS\System32\TextInputFramework.dll
0x00007ffc74b30000 - 0x00007ffc74e5a000 	C:\WINDOWS\System32\CoreUIComponents.dll
0x00007ffc7b680000 - 0x00007ffc7b754000 	C:\WINDOWS\System32\CoreMessaging.dll
0x00007ffc79650000 - 0x00007ffc797a3000 	C:\WINDOWS\SYSTEM32\wintypes.dll
0x00007ffc7c250000 - 0x00007ffc7c33b000 	C:\WINDOWS\system32\dxgi.dll
0x00007ffc7b0b0000 - 0x00007ffc7b30b000 	C:\WINDOWS\system32\d3d11.dll
0x00007ffc45030000 - 0x00007ffc4511a000 	C:\WINDOWS\System32\DriverStore\FileRepository\nvam.inf_amd64_1aae4f19e68d0780\nvldumdx.dll
0x00007ffc7e7c0000 - 0x00007ffc7e7dd000 	C:\WINDOWS\System32\imagehlp.dll
0x00007ffc10ad0000 - 0x00007ffc12639000 	C:\WINDOWS\System32\DriverStore\FileRepository\nvam.inf_amd64_1aae4f19e68d0780\nvwgf2umx.dll
0x00007ffc4f550000 - 0x00007ffc4f9d0000 	C:\WINDOWS\system32\nvapi64.dll
0x00007ffc6da50000 - 0x00007ffc6e91b000 	C:\WINDOWS\SYSTEM32\igd10iumd64.dll
0x00007ffc7d0a0000 - 0x00007ffc7d0c6000 	C:\WINDOWS\SYSTEM32\ncrypt.dll
0x00007ffc7d060000 - 0x00007ffc7d09b000 	C:\WINDOWS\SYSTEM32\NTASN1.dll
0x00007ffc6d010000 - 0x00007ffc6da50000 	C:\WINDOWS\SYSTEM32\igdusc64.dll
0x00007ffc7a4b0000 - 0x00007ffc7a68c000 	C:\WINDOWS\SYSTEM32\dcomp.dll
0x00007ffc76980000 - 0x00007ffc76b74000 	C:\WINDOWS\SYSTEM32\dbghelp.dll

VM Arguments:
jvm_args: -Dfile.encoding=Cp1252 
java_command: a3.Starter
java_class_path (initial): C:\Users\Sean Foley\git\CS155\a3\bin;C:\JOML\joml-1.9.20.jar;C:\jogamp\jogamp-all-platforms\jar\gluegen-rt.jar;C:\jogamp\jogamp-all-platforms\jar\jogl-all.jar
Launcher Type: SUN_STANDARD

Environment Variables:
JAVA_HOME=C:\Program Files\Java\jdk1.8.0_102
JRE_HOME=C:\Program Files\Java\jre1.8.0_102
CLASSPATH=C:\jogamp\jogamp-all-platforms\jar\jogl-all.jar;C:\jogamp\jogamp-all-platforms\jar\gluegen-rt.jar;C:\JOML\joml-1.9.20.jar;
PATH=C:/Program Files/Java/jre1.8.0_201/bin/server;C:/Program Files/Java/jre1.8.0_201/bin;C:/Program Files/Java/jre1.8.0_201/lib/amd64;C:\Python27\;C:\Python27\Scripts;C:\Program Files (x86)\Common Files\Oracle\Java\javapath;C:\Program Files (x86)\NVIDIA Corporation\PhysX\Common;C:\Program Files (x86)\Intel\iCLS Client\;C:\Program Files\Intel\iCLS Client\;C:\Windows\System32;C:\Windows;C:\Windows\System32\wbem;C:\Windows\System32\WindowsPowerShell\v1.0\;C:\Program Files\Intel\Intel(R) Management Engine Components\DAL;C:\Program Files\Intel\Intel(R) Management Engine Components\IPT;C:\Program Files (x86)\Intel\Intel(R) Management Engine Components\DAL;C:\Program Files (x86)\Intel\Intel(R) Management Engine Components\IPT;C:\Program Files\PuTTY\;C:\Windows\System32\OpenSSH\;C:\Program Files\dotnet\;C:\Program Files\swipl\bin;D:\Programs\Node\;C:\ProgramData\chocolatey\bin;C:\Program Files\Git\cmd;C:\Program Files (x86)\GnuPG\bin;C:\Program Files\Microsoft SQL Server\Client SDK\ODBC\170\Tools\Binn\;C:\Program Files (x86)\Microsoft SQL Server\150\Tools\Binn\;C:\Program Files\Microsoft SQL Server\150\Tools\Binn\;C:\Program Files\Microsoft SQL Server\150\DTS\Binn\;C:\Program Files (x86)\Microsoft SQL Server\150\DTS\Binn\;C:\Users\Sean Foley\AppData\Local\Programs\Python\Python38-32\Scripts\;C:\Users\Sean Foley\AppData\Local\Programs\Python\Python38-32\;C:\iverilog\bin;C:\Users\Sean Foley\AppData\Local\Programs\Microsoft VS Code\bin;C:\MinGW\bin;C:\Users\Sean Foley\AppData\Roaming\npm;C:\Program Files\Java\jdk1.8.0_201\bin;C:\Program Files\Git\bin;C:\Users\Sean Foley\AppData\Local\GitHubDesktop\bin;%USERPROFILE%\AppData\Local\Microsoft\WindowsApps;;C:\Users\Sean Foley\Desktop;
USERNAME=Sean Foley
OS=Windows_NT
PROCESSOR_IDENTIFIER=Intel64 Family 6 Model 60 Stepping 3, GenuineIntel



---------------  S Y S T E M  ---------------

OS: Windows 10.0 , 64 bit Build 18362 (10.0.18362.778)

CPU:total 8 (initial active 8) (4 cores per cpu, 2 threads per core) family 6 model 60 stepping 3, cmov, cx8, fxsr, mmx, sse, sse2, sse3, ssse3, sse4.1, sse4.2, popcnt, avx, avx2, aes, clmul, erms, lzcnt, ht, tsc, tscinvbit, bmi1, bmi2

Memory: 4k page, physical 12463036k(4605440k free), swap 17705916k(4233736k free)

vm_info: Java HotSpot(TM) 64-Bit Server VM (25.201-b09) for windows-amd64 JRE (1.8.0_201-b09), built on Dec 15 2018 18:36:39 by "java_re" with MS VC++ 10.0 (VS2010)

time: Thu Apr 16 15:12:54 2020
timezone: Pacific Summer Time
elapsed time: 5 seconds (0d 0h 0m 5s)

