#
# A fatal error has been detected by the Java Runtime Environment:
#
#  EXCEPTION_ACCESS_VIOLATION (0xc0000005) at pc=0x0000000053fb86c0, pid=11776, tid=0x000000000000444c
#
# JRE version: Java(TM) SE Runtime Environment (8.0_201-b09) (build 1.8.0_201-b09)
# Java VM: Java HotSpot(TM) 64-Bit Server VM (25.201-b09 mixed mode windows-amd64 compressed oops)
# Problematic frame:
# C  [nvoglv64.DLL+0xa886c0]
#
# Failed to write core dump. Minidumps are not enabled by default on client versions of Windows
#
# If you would like to submit a bug report, please visit:
#   http://bugreport.java.com/bugreport/crash.jsp
# The crash happened outside the Java Virtual Machine in native code.
# See problematic frame for where to report the bug.
#

---------------  T H R E A D  ---------------

Current thread (0x000000001d51b000):  JavaThread "AWT-EventQueue-0" [_thread_in_native, id=17484, stack(0x00000000240f0000,0x00000000241f0000)]

siginfo: ExceptionCode=0xc0000005, reading address 0x0000000000000000

Registers:
RAX=0x0000000000000004, RBX=0x0000000024dad720, RCX=0x0000000024dadeb0, RDX=0x0000000000000000
RSP=0x00000000241edda0, RBP=0x0000000000000000, RSI=0x0000000024dadeac, RDI=0x0000000000000004
R8 =0xffffffffdb252154, R9 =0x0000000000000001, R10=0x0000000000000004, R11=0x0000000000000000
R12=0x0000000021440000, R13=0x000000001ebbd358, R14=0x0000000024da7660, R15=0x0000000000000001
RIP=0x0000000053fb86c0, EFLAGS=0x0000000000010203

Top of Stack: (sp=0x00000000241edda0)
0x00000000241edda0:   0000000000000001 0000000703698578
0x00000000241eddb0:   0000000000000000 0000000000000001
0x00000000241eddc0:   0000000000000000 0000000053c99d82
0x00000000241eddd0:   000000001d51b1f8 000000005402bc20
0x00000000241edde0:   0000000000000005 0000000000000000
0x00000000241eddf0:   0000000000000000 0000000053fcaa5e
0x00000000241ede00:   0000000000000000 0000000021440000
0x00000000241ede10:   00000000217311e0 0000000000000001
0x00000000241ede20:   0000000000000001 0000000000000000
0x00000000241ede30:   000000001d51b000 00000000241edf60
0x00000000241ede40:   0000000002fc835d 0000000002fd8c67
0x00000000241ede50:   000000001ebbd358 00000000241edf00
0x00000000241ede60:   0000000000000288 00000000241edf00
0x00000000241ede70:   0000000000000001 0000000000000000
0x00000000241ede80:   0000000000000000 0000000000000000
0x00000000241ede90:   000000005402c820 000000001ebbca20 

Instructions: (pc=0x0000000053fb86c0)
0x0000000053fb86a0:   2b cf 48 8d 0c b9 49 83 e9 04 4d 8b c3 49 c1 e9
0x0000000053fb86b0:   02 4c 2b c6 49 ff c1 4a 8d 3c 8f 0f 1f 44 00 00
0x0000000053fb86c0:   41 8b 44 08 fc 33 41 fc 48 8d 49 10 0b d0 41 8b
0x0000000053fb86d0:   44 08 ec 89 41 ec 8b 41 f0 41 33 44 08 f0 0b d0 


Register to memory mapping:

RAX=0x0000000000000004 is an unknown value
RBX=0x0000000024dad720 is an unknown value
RCX=0x0000000024dadeb0 is an unknown value
RDX=0x0000000000000000 is an unknown value
RSP=0x00000000241edda0 is pointing into the stack for thread: 0x000000001d51b000
RBP=0x0000000000000000 is an unknown value
RSI=0x0000000024dadeac is an unknown value
RDI=0x0000000000000004 is an unknown value
R8 =0xffffffffdb252154 is an unknown value
R9 =0x0000000000000001 is an unknown value
R10=0x0000000000000004 is an unknown value
R11=0x0000000000000000 is an unknown value
R12=0x0000000021440000 is an unknown value
R13={method} {0x000000001ebbd360} 'dispatch_glProgramUniform4fv1' '(IIILjava/lang/Object;IZJ)V' in 'jogamp/opengl/gl4/GL4bcImpl'
R14=0x0000000024da7660 is an unknown value
R15=0x0000000000000001 is an unknown value


Stack: [0x00000000240f0000,0x00000000241f0000],  sp=0x00000000241edda0,  free space=1015k
Native frames: (J=compiled Java code, j=interpreted, Vv=VM code, C=native code)

Java frames: (J=compiled Java code, j=interpreted, Vv=VM code)
j  jogamp.opengl.gl4.GL4bcImpl.dispatch_glProgramUniform4fv1(IIILjava/lang/Object;IZJ)V+0
j  jogamp.opengl.gl4.GL4bcImpl.glProgramUniform4fv(III[FI)V+110
j  a4.Starter.installLights(ILorg/joml/Matrix4f;)V+310
j  a4.Starter.passTwo()V+156
j  a4.Starter.display(Lcom/jogamp/opengl/GLAutoDrawable;)V+219
j  jogamp.opengl.GLDrawableHelper.displayImpl(Lcom/jogamp/opengl/GLAutoDrawable;)V+62
j  jogamp.opengl.GLDrawableHelper.display(Lcom/jogamp/opengl/GLAutoDrawable;)V+2
j  com.jogamp.opengl.awt.GLCanvas$11.run()V+118
j  jogamp.opengl.GLDrawableHelper.invokeGLImpl(Lcom/jogamp/opengl/GLDrawable;Lcom/jogamp/opengl/GLContext;Ljava/lang/Runnable;Ljava/lang/Runnable;)V+203
j  jogamp.opengl.GLDrawableHelper.invokeGL(Lcom/jogamp/opengl/GLDrawable;Lcom/jogamp/opengl/GLContext;Ljava/lang/Runnable;Ljava/lang/Runnable;)V+72
j  com.jogamp.opengl.awt.GLCanvas$12.run()V+104
j  java.awt.event.InvocationEvent.dispatch()V+11
j  java.awt.EventQueue.dispatchEventImpl(Ljava/awt/AWTEvent;Ljava/lang/Object;)V+21
j  java.awt.EventQueue.access$500(Ljava/awt/EventQueue;Ljava/awt/AWTEvent;Ljava/lang/Object;)V+3
j  java.awt.EventQueue$3.run()Ljava/lang/Void;+32
j  java.awt.EventQueue$3.run()Ljava/lang/Object;+1
v  ~StubRoutines::call_stub
j  java.security.AccessController.doPrivileged(Ljava/security/PrivilegedAction;Ljava/security/AccessControlContext;)Ljava/lang/Object;+0
j  java.security.ProtectionDomain$JavaSecurityAccessImpl.doIntersectionPrivilege(Ljava/security/PrivilegedAction;Ljava/security/AccessControlContext;Ljava/security/AccessControlContext;)Ljava/lang/Object;+18
j  java.awt.EventQueue.dispatchEvent(Ljava/awt/AWTEvent;)V+46
j  java.awt.EventDispatchThread.pumpOneEventForFilters(I)V+140
j  java.awt.EventDispatchThread.pumpEventsForFilter(ILjava/awt/Conditional;Ljava/awt/EventFilter;)V+35
j  java.awt.EventDispatchThread.pumpEventsForHierarchy(ILjava/awt/Conditional;Ljava/awt/Component;)V+11
j  java.awt.EventDispatchThread.pumpEvents(ILjava/awt/Conditional;)V+4
j  java.awt.EventDispatchThread.pumpEvents(Ljava/awt/Conditional;)V+3
j  java.awt.EventDispatchThread.run()V+9
v  ~StubRoutines::call_stub

---------------  P R O C E S S  ---------------

Java Threads: ( => current thread )
  0x0000000002ec2800 JavaThread "DestroyJavaVM" [_thread_blocked, id=16800, stack(0x0000000002d90000,0x0000000002e90000)]
  0x000000001d7ad000 JavaThread "main-AWTAnimator#00" [_thread_blocked, id=23292, stack(0x0000000024af0000,0x0000000024bf0000)]
=>0x000000001d51b000 JavaThread "AWT-EventQueue-0" [_thread_in_native, id=17484, stack(0x00000000240f0000,0x00000000241f0000)]
  0x000000001d519000 JavaThread "AWT-Shutdown" [_thread_blocked, id=24240, stack(0x0000000023ff0000,0x00000000240f0000)]
  0x000000001d455800 JavaThread "main-SharedResourceRunner" daemon [_thread_blocked, id=24080, stack(0x000000001dbd0000,0x000000001dcd0000)]
  0x000000001d330000 JavaThread "AWT-Windows" daemon [_thread_in_native, id=13612, stack(0x000000001dcd0000,0x000000001ddd0000)]
  0x000000001d32c800 JavaThread "Java2D Disposer" daemon [_thread_blocked, id=11136, stack(0x000000001daa0000,0x000000001dba0000)]
  0x000000001c413800 JavaThread "Service Thread" daemon [_thread_blocked, id=21340, stack(0x000000001cf60000,0x000000001d060000)]
  0x000000001c39f800 JavaThread "C1 CompilerThread3" daemon [_thread_blocked, id=14916, stack(0x000000001ce60000,0x000000001cf60000)]
  0x000000001c39a000 JavaThread "C2 CompilerThread2" daemon [_thread_blocked, id=4924, stack(0x000000001cd60000,0x000000001ce60000)]
  0x000000001c393000 JavaThread "C2 CompilerThread1" daemon [_thread_blocked, id=16840, stack(0x000000001cc60000,0x000000001cd60000)]
  0x000000001c38c800 JavaThread "C2 CompilerThread0" daemon [_thread_blocked, id=7260, stack(0x000000001cb60000,0x000000001cc60000)]
  0x000000001c38a000 JavaThread "Attach Listener" daemon [_thread_blocked, id=18104, stack(0x000000001ca60000,0x000000001cb60000)]
  0x000000001c389000 JavaThread "Signal Dispatcher" daemon [_thread_blocked, id=16516, stack(0x000000001c960000,0x000000001ca60000)]
  0x000000001c380800 JavaThread "Finalizer" daemon [_thread_blocked, id=7392, stack(0x000000001c760000,0x000000001c860000)]
  0x0000000002fb9000 JavaThread "Reference Handler" daemon [_thread_blocked, id=19144, stack(0x000000001c260000,0x000000001c360000)]

Other Threads:
  0x000000001a489000 VMThread [stack: 0x000000001c160000,0x000000001c260000] [id=20664]
  0x000000001c446800 WatcherThread [stack: 0x000000001d060000,0x000000001d160000] [id=22088]

VM state:not at safepoint (normal execution)

VM Mutex/Monitor currently owned by a thread: None

heap address: 0x0000000701c00000, size: 3044 MB, Compressed Oops mode: Zero based, Oop shift amount: 3
Narrow klass base: 0x0000000000000000, Narrow klass shift: 3
Compressed class space size: 1073741824 Address: 0x00000007c0000000

Heap:
 PSYoungGen      total 467968K, used 95708K [0x0000000780980000, 0x00000007a0c00000, 0x00000007c0000000)
  eden space 442368K, 19% used [0x0000000780980000,0x0000000785c5f6b0,0x000000079b980000)
  from space 25600K, 42% used [0x000000079d180000,0x000000079dc179f8,0x000000079ea80000)
  to   space 24576K, 0% used [0x000000079b980000,0x000000079b980000,0x000000079d180000)
 ParOldGen       total 401408K, used 194651K [0x0000000701c00000, 0x000000071a400000, 0x0000000780980000)
  object space 401408K, 48% used [0x0000000701c00000,0x000000070da16e08,0x000000071a400000)
 Metaspace       used 18139K, capacity 18386K, committed 18688K, reserved 1067008K
  class space    used 1826K, capacity 1924K, committed 2048K, reserved 1048576K

Card table byte_map: [0x0000000012380000,0x0000000012980000] byte_map_base: 0x000000000eb72000

Marking Bits: (ParMarkBitMap*) 0x0000000056124ce0
 Begin Bits: [0x0000000013580000, 0x0000000016510000)
 End Bits:   [0x0000000016510000, 0x00000000194a0000)

Polling page: 0x0000000002ce0000

CodeCache: size=245760Kb used=5317Kb max_used=5354Kb free=240442Kb
 bounds [0x0000000002fc0000, 0x0000000003510000, 0x0000000011fc0000]
 total_blobs=2052 nmethods=1176 adapters=789
 compilation: enabled

Compilation events (10 events):
Event: 12.721 Thread 0x000000001c39f800 1180 % !   3       a4.ImportedModel::<init> @ 83 (243 bytes)
Event: 12.722 Thread 0x000000001c39f800 nmethod 1180% 0x00000000034a3390 code [0x00000000034a3660, 0x00000000034a4bc8]
Event: 12.722 Thread 0x000000001c39f800 1181   !   3       a4.ImportedModel::<init> (243 bytes)
Event: 12.723 Thread 0x000000001c39f800 nmethod 1181 0x000000000349e410 code [0x000000000349e6e0, 0x000000000349fae8]
Event: 12.724 Thread 0x000000001c39a000 1182 % !   4       a4.ImportedModel::<init> @ 83 (243 bytes)
Event: 12.733 Thread 0x000000001c39f800 1183 %     3       a4.Starter::setupVertices @ 658 (2606 bytes)
Event: 12.736 Thread 0x000000001c39a000 nmethod 1182% 0x00000000034b5ad0 code [0x00000000034b5c80, 0x00000000034b6a68]
Event: 12.742 Thread 0x000000001c39f800 nmethod 1183% 0x00000000034b6f90 code [0x00000000034b7e40, 0x00000000034c2c48]
Event: 12.743 Thread 0x000000001c39f800 1184       3       a4.Starter::setupVertices (2606 bytes)
Event: 12.750 Thread 0x000000001c39f800 nmethod 1184 0x00000000034d2150 code [0x00000000034d2fc0, 0x00000000034dd868]

GC Heap History (10 events):
Event: 10.442 GC heap before
{Heap before GC invocations=14 (full 3):
 PSYoungGen      total 275968K, used 16640K [0x0000000780980000, 0x000000079a380000, 0x00000007c0000000)
  eden space 256000K, 0% used [0x0000000780980000,0x0000000780980000,0x0000000790380000)
  from space 19968K, 83% used [0x0000000790380000,0x00000007913c0010,0x0000000791700000)
  to   space 22528K, 0% used [0x0000000798d80000,0x0000000798d80000,0x000000079a380000)
 ParOldGen       total 217088K, used 182330K [0x0000000701c00000, 0x000000070f000000, 0x0000000780980000)
  object space 217088K, 83% used [0x0000000701c00000,0x000000070ce0eb48,0x000000070f000000)
 Metaspace       used 16920K, capacity 17074K, committed 17280K, reserved 1064960K
  class space    used 1767K, capacity 1828K, committed 1920K, reserved 1048576K
Event: 10.479 GC heap after
Heap after GC invocations=14 (full 3):
 PSYoungGen      total 275968K, used 0K [0x0000000780980000, 0x000000079a380000, 0x00000007c0000000)
  eden space 256000K, 0% used [0x0000000780980000,0x0000000780980000,0x0000000790380000)
  from space 19968K, 0% used [0x0000000790380000,0x0000000790380000,0x0000000791700000)
  to   space 22528K, 0% used [0x0000000798d80000,0x0000000798d80000,0x000000079a380000)
 ParOldGen       total 307200K, used 129095K [0x0000000701c00000, 0x0000000714800000, 0x0000000780980000)
  object space 307200K, 42% used [0x0000000701c00000,0x0000000709a11c90,0x0000000714800000)
 Metaspace       used 16920K, capacity 17074K, committed 17280K, reserved 1064960K
  class space    used 1767K, capacity 1828K, committed 1920K, reserved 1048576K
}
Event: 11.153 GC heap before
{Heap before GC invocations=15 (full 3):
 PSYoungGen      total 275968K, used 256000K [0x0000000780980000, 0x000000079a380000, 0x00000007c0000000)
  eden space 256000K, 100% used [0x0000000780980000,0x0000000790380000,0x0000000790380000)
  from space 19968K, 0% used [0x0000000790380000,0x0000000790380000,0x0000000791700000)
  to   space 22528K, 0% used [0x0000000798d80000,0x0000000798d80000,0x000000079a380000)
 ParOldGen       total 307200K, used 129095K [0x0000000701c00000, 0x0000000714800000, 0x0000000780980000)
  object space 307200K, 42% used [0x0000000701c00000,0x0000000709a11c90,0x0000000714800000)
 Metaspace       used 16921K, capacity 17074K, committed 17280K, reserved 1064960K
  class space    used 1767K, capacity 1828K, committed 1920K, reserved 1048576K
Event: 11.167 GC heap after
Heap after GC invocations=15 (full 3):
 PSYoungGen      total 353280K, used 16608K [0x0000000780980000, 0x0000000799e00000, 0x00000007c0000000)
  eden space 336384K, 0% used [0x0000000780980000,0x0000000780980000,0x0000000795200000)
  from space 16896K, 98% used [0x0000000798d80000,0x0000000799db8010,0x0000000799e00000)
  to   space 24064K, 0% used [0x0000000796f00000,0x0000000796f00000,0x0000000798680000)
 ParOldGen       total 307200K, used 178247K [0x0000000701c00000, 0x0000000714800000, 0x0000000780980000)
  object space 307200K, 58% used [0x0000000701c00000,0x000000070ca11cc0,0x0000000714800000)
 Metaspace       used 16921K, capacity 17074K, committed 17280K, reserved 1064960K
  class space    used 1767K, capacity 1828K, committed 1920K, reserved 1048576K
}
Event: 11.879 GC heap before
{Heap before GC invocations=16 (full 3):
 PSYoungGen      total 353280K, used 352992K [0x0000000780980000, 0x0000000799e00000, 0x00000007c0000000)
  eden space 336384K, 100% used [0x0000000780980000,0x0000000795200000,0x0000000795200000)
  from space 16896K, 98% used [0x0000000798d80000,0x0000000799db8010,0x0000000799e00000)
  to   space 24064K, 0% used [0x0000000796f00000,0x0000000796f00000,0x0000000798680000)
 ParOldGen       total 307200K, used 178247K [0x0000000701c00000, 0x0000000714800000, 0x0000000780980000)
  object space 307200K, 58% used [0x0000000701c00000,0x000000070ca11cc0,0x0000000714800000)
 Metaspace       used 16921K, capacity 17074K, committed 17280K, reserved 1064960K
  class space    used 1767K, capacity 1828K, committed 1920K, reserved 1048576K
Event: 11.891 GC heap after
Heap after GC invocations=16 (full 3):
 PSYoungGen      total 390144K, used 16576K [0x0000000780980000, 0x000000079ea80000, 0x00000007c0000000)
  eden space 366080K, 0% used [0x0000000780980000,0x0000000780980000,0x0000000796f00000)
  from space 24064K, 68% used [0x0000000796f00000,0x0000000797f30010,0x0000000798680000)
  to   space 25600K, 0% used [0x000000079d180000,0x000000079d180000,0x000000079ea80000)
 ParOldGen       total 307200K, used 227439K [0x0000000701c00000, 0x0000000714800000, 0x0000000780980000)
  object space 307200K, 74% used [0x0000000701c00000,0x000000070fa1bcf0,0x0000000714800000)
 Metaspace       used 16921K, capacity 17074K, committed 17280K, reserved 1064960K
  class space    used 1767K, capacity 1828K, committed 1920K, reserved 1048576K
}
Event: 11.891 GC heap before
{Heap before GC invocations=17 (full 4):
 PSYoungGen      total 390144K, used 16576K [0x0000000780980000, 0x000000079ea80000, 0x00000007c0000000)
  eden space 366080K, 0% used [0x0000000780980000,0x0000000780980000,0x0000000796f00000)
  from space 24064K, 68% used [0x0000000796f00000,0x0000000797f30010,0x0000000798680000)
  to   space 25600K, 0% used [0x000000079d180000,0x000000079d180000,0x000000079ea80000)
 ParOldGen       total 307200K, used 227439K [0x0000000701c00000, 0x0000000714800000, 0x0000000780980000)
  object space 307200K, 74% used [0x0000000701c00000,0x000000070fa1bcf0,0x0000000714800000)
 Metaspace       used 16921K, capacity 17074K, committed 17280K, reserved 1064960K
  class space    used 1767K, capacity 1828K, committed 1920K, reserved 1048576K
Event: 11.909 GC heap after
Heap after GC invocations=17 (full 4):
 PSYoungGen      total 390144K, used 0K [0x0000000780980000, 0x000000079ea80000, 0x00000007c0000000)
  eden space 366080K, 0% used [0x0000000780980000,0x0000000780980000,0x0000000796f00000)
  from space 24064K, 0% used [0x0000000796f00000,0x0000000796f00000,0x0000000798680000)
  to   space 25600K, 0% used [0x000000079d180000,0x000000079d180000,0x000000079ea80000)
 ParOldGen       total 401408K, used 194643K [0x0000000701c00000, 0x000000071a400000, 0x0000000780980000)
  object space 401408K, 48% used [0x0000000701c00000,0x000000070da14e08,0x000000071a400000)
 Metaspace       used 16921K, capacity 17074K, committed 17280K, reserved 1064960K
  class space    used 1767K, capacity 1828K, committed 1920K, reserved 1048576K
}
Event: 12.610 GC heap before
{Heap before GC invocations=18 (full 4):
 PSYoungGen      total 390144K, used 366080K [0x0000000780980000, 0x000000079ea80000, 0x00000007c0000000)
  eden space 366080K, 100% used [0x0000000780980000,0x0000000796f00000,0x0000000796f00000)
  from space 24064K, 0% used [0x0000000796f00000,0x0000000796f00000,0x0000000798680000)
  to   space 25600K, 0% used [0x000000079d180000,0x000000079d180000,0x000000079ea80000)
 ParOldGen       total 401408K, used 194643K [0x0000000701c00000, 0x000000071a400000, 0x0000000780980000)
  object space 401408K, 48% used [0x0000000701c00000,0x000000070da14e08,0x000000071a400000)
 Metaspace       used 18108K, capacity 18322K, committed 18688K, reserved 1067008K
  class space    used 1825K, capacity 1924K, committed 2048K, reserved 1048576K
Event: 12.618 GC heap after
Heap after GC invocations=18 (full 4):
 PSYoungGen      total 467968K, used 10846K [0x0000000780980000, 0x00000007a0c00000, 0x00000007c0000000)
  eden space 442368K, 0% used [0x0000000780980000,0x0000000780980000,0x000000079b980000)
  from space 25600K, 42% used [0x000000079d180000,0x000000079dc179f8,0x000000079ea80000)
  to   space 24576K, 0% used [0x000000079b980000,0x000000079b980000,0x000000079d180000)
 ParOldGen       total 401408K, used 194651K [0x0000000701c00000, 0x000000071a400000, 0x0000000780980000)
  object space 401408K, 48% used [0x0000000701c00000,0x000000070da16e08,0x000000071a400000)
 Metaspace       used 18108K, capacity 18322K, committed 18688K, reserved 1067008K
  class space    used 1825K, capacity 1924K, committed 2048K, reserved 1048576K
}

Deoptimization events (10 events):
Event: 12.365 Thread 0x000000001d51b000 Uncommon trap: reason=unstable_if action=reinterpret pc=0x0000000003416368 method=org.joml.Math.cosFromSin(DD)D @ 70
Event: 12.366 Thread 0x000000001d51b000 Uncommon trap: reason=unstable_if action=reinterpret pc=0x0000000003416afc method=org.joml.Math.cosFromSin(DD)D @ 70
Event: 12.366 Thread 0x000000001d51b000 Uncommon trap: reason=unstable_if action=reinterpret pc=0x00000000034188c4 method=org.joml.Math.cosFromSin(DD)D @ 70
Event: 12.405 Thread 0x000000001d51b000 Uncommon trap: reason=unstable_if action=reinterpret pc=0x000000000344633c method=sun.misc.FloatingDecimal.readJavaFormatString(Ljava/lang/String;)Lsun/misc/FloatingDecimal$ASCIIToBinaryConverter; @ 169
Event: 12.405 Thread 0x000000001d51b000 Uncommon trap: reason=unstable_if action=reinterpret pc=0x000000000342994c method=sun.misc.FloatingDecimal$ASCIIToBinaryBuffer.floatValue()F @ 70
Event: 12.406 Thread 0x000000001d51b000 Uncommon trap: reason=predicate action=maybe_recompile pc=0x0000000003440568 method=java.util.AbstractCollection.toArray([Ljava/lang/Object;)[Ljava/lang/Object; @ 49
Event: 12.415 Thread 0x000000001d51b000 Uncommon trap: reason=array_check action=maybe_recompile pc=0x0000000003451cc4 method=java.util.AbstractCollection.toArray([Ljava/lang/Object;)[Ljava/lang/Object; @ 119
Event: 12.415 Thread 0x000000001d51b000 Uncommon trap: reason=array_check action=maybe_recompile pc=0x0000000003451cc4 method=java.util.AbstractCollection.toArray([Ljava/lang/Object;)[Ljava/lang/Object; @ 119
Event: 12.415 Thread 0x000000001d51b000 Uncommon trap: reason=array_check action=maybe_recompile pc=0x0000000003451cc4 method=java.util.AbstractCollection.toArray([Ljava/lang/Object;)[Ljava/lang/Object; @ 119
Event: 12.415 Thread 0x000000001d51b000 Uncommon trap: reason=array_check action=maybe_recompile pc=0x0000000003451cc4 method=java.util.AbstractCollection.toArray([Ljava/lang/Object;)[Ljava/lang/Object; @ 119

Classes redefined (0 events):
No events

Internal exceptions (10 events):
Event: 0.141 Thread 0x0000000002ec2800 Exception <a 'java/security/PrivilegedActionException'> (0x0000000780b7ab60) thrown at [C:\re\workspace\8-2-build-windows-amd64-cygwin\jdk8u201\12322\hotspot\src\share\vm\prims\jvm.cpp, line 1502]
Event: 0.141 Thread 0x0000000002ec2800 Exception <a 'java/security/PrivilegedActionException'> (0x0000000780b7ad70) thrown at [C:\re\workspace\8-2-build-windows-amd64-cygwin\jdk8u201\12322\hotspot\src\share\vm\prims\jvm.cpp, line 1502]
Event: 0.141 Thread 0x0000000002ec2800 Exception <a 'java/security/PrivilegedActionException'> (0x0000000780b7e9e0) thrown at [C:\re\workspace\8-2-build-windows-amd64-cygwin\jdk8u201\12322\hotspot\src\share\vm\prims\jvm.cpp, line 1502]
Event: 0.141 Thread 0x0000000002ec2800 Exception <a 'java/security/PrivilegedActionException'> (0x0000000780b7ebf0) thrown at [C:\re\workspace\8-2-build-windows-amd64-cygwin\jdk8u201\12322\hotspot\src\share\vm\prims\jvm.cpp, line 1502]
Event: 0.147 Thread 0x0000000002ec2800 Exception <a 'java/io/FileNotFoundException'> (0x0000000780b80d08) thrown at [C:\re\workspace\8-2-build-windows-amd64-cygwin\jdk8u201\12322\hotspot\src\share\vm\prims\jni.cpp, line 709]
Event: 0.176 Thread 0x0000000002ec2800 Exception <a 'java/lang/NoSuchFieldError': method resolution failed> (0x0000000780c515c8) thrown at [C:\re\workspace\8-2-build-windows-amd64-cygwin\jdk8u201\12322\hotspot\src\share\vm\prims\methodHandles.cpp, line 1167]
Event: 0.178 Thread 0x0000000002ec2800 Exception <a 'java/lang/NoSuchFieldError': method resolution failed> (0x0000000780c5e998) thrown at [C:\re\workspace\8-2-build-windows-amd64-cygwin\jdk8u201\12322\hotspot\src\share\vm\prims\methodHandles.cpp, line 1167]
Event: 0.218 Thread 0x0000000002ec2800 Exception <a 'java/io/FileNotFoundException'> (0x0000000780d6b6b8) thrown at [C:\re\workspace\8-2-build-windows-amd64-cygwin\jdk8u201\12322\hotspot\src\share\vm\prims\jni.cpp, line 709]
Event: 5.012 Thread 0x0000000002ec2800 Exception <a 'java/lang/reflect/InvocationTargetException'> (0x0000000781dff170) thrown at [C:\re\workspace\8-2-build-windows-amd64-cygwin\jdk8u201\12322\hotspot\src\share\vm\runtime\reflection.cpp, line 1092]
Event: 10.549 Thread 0x000000001d51b000 Implicit null exception at 0x00000000033c7444 to 0x00000000033c76b9

Events (10 events):
Event: 12.618 Executing VM operation: BulkRevokeBias
Event: 12.619 Executing VM operation: BulkRevokeBias done
Event: 12.707 Thread 0x000000001d51b000 DEOPT PACKING pc=0x00000000034898d4 sp=0x00000000241eddf0
Event: 12.707 Thread 0x000000001d51b000 DEOPT UNPACKING pc=0x0000000003007890 sp=0x00000000241edb70 mode 0
Event: 12.711 Thread 0x000000001d51b000 DEOPT PACKING pc=0x0000000003492a94 sp=0x00000000241eddf0
Event: 12.711 Thread 0x000000001d51b000 DEOPT UNPACKING pc=0x0000000003007890 sp=0x00000000241edb70 mode 0
Event: 12.756 loading class a4/Camera
Event: 12.756 loading class a4/Camera done
Event: 12.758 loading class org/joml/internal/Runtime
Event: 12.758 loading class org/joml/internal/Runtime done


Dynamic libraries:
0x00007ff68c7e0000 - 0x00007ff68c817000 	C:\Program Files\Java\jre1.8.0_201\bin\javaw.exe
0x00007ffc80700000 - 0x00007ffc808f0000 	C:\WINDOWS\SYSTEM32\ntdll.dll
0x00007ffc80010000 - 0x00007ffc800c2000 	C:\WINDOWS\System32\KERNEL32.DLL
0x00007ffc7e290000 - 0x00007ffc7e533000 	C:\WINDOWS\System32\KERNELBASE.dll
0x00007ffc7e860000 - 0x00007ffc7e903000 	C:\WINDOWS\System32\ADVAPI32.dll
0x00007ffc7f600000 - 0x00007ffc7f69e000 	C:\WINDOWS\System32\msvcrt.dll
0x00007ffc7fbd0000 - 0x00007ffc7fc67000 	C:\WINDOWS\System32\sechost.dll
0x00007ffc7fef0000 - 0x00007ffc80010000 	C:\WINDOWS\System32\RPCRT4.dll
0x00007ffc7f730000 - 0x00007ffc7f8c4000 	C:\WINDOWS\System32\USER32.dll
0x00007ffc7d690000 - 0x00007ffc7d6b1000 	C:\WINDOWS\System32\win32u.dll
0x00007ffc7f290000 - 0x00007ffc7f2b6000 	C:\WINDOWS\System32\GDI32.dll
0x00007ffc7d7a0000 - 0x00007ffc7d934000 	C:\WINDOWS\System32\gdi32full.dll
0x00007ffc7e540000 - 0x00007ffc7e5de000 	C:\WINDOWS\System32\msvcp_win.dll
0x00007ffc7e600000 - 0x00007ffc7e6fa000 	C:\WINDOWS\System32\ucrtbase.dll
0x00007ffc71380000 - 0x00007ffc71605000 	C:\WINDOWS\WinSxS\amd64_microsoft.windows.common-controls_6595b64144ccf1df_6.0.18362.778_none_e6c6b761130d4fb8\COMCTL32.dll
0x00007ffc7f2c0000 - 0x00007ffc7f5f6000 	C:\WINDOWS\System32\combase.dll
0x00007ffc7d940000 - 0x00007ffc7d9c0000 	C:\WINDOWS\System32\bcryptPrimitives.dll
0x00007ffc7f700000 - 0x00007ffc7f72e000 	C:\WINDOWS\System32\IMM32.DLL
0x0000000055820000 - 0x00000000558f1000 	C:\Program Files\Java\jre1.8.0_201\bin\msvcr100.dll
0x0000000055900000 - 0x00000000561a4000 	C:\Program Files\Java\jre1.8.0_201\bin\server\jvm.dll
0x00007ffc7f9b0000 - 0x00007ffc7f9b8000 	C:\WINDOWS\System32\PSAPI.DLL
0x00007ffc71660000 - 0x00007ffc71684000 	C:\WINDOWS\SYSTEM32\WINMM.dll
0x00007ffc63820000 - 0x00007ffc63829000 	C:\WINDOWS\SYSTEM32\WSOCK32.dll
0x00007ffc793e0000 - 0x00007ffc793ea000 	C:\WINDOWS\SYSTEM32\VERSION.dll
0x00007ffc80650000 - 0x00007ffc806bf000 	C:\WINDOWS\System32\WS2_32.dll
0x00007ffc71630000 - 0x00007ffc7165d000 	C:\WINDOWS\SYSTEM32\WINMMBASE.dll
0x00007ffc7d6c0000 - 0x00007ffc7d70a000 	C:\WINDOWS\System32\cfgmgr32.dll
0x00007ffc73020000 - 0x00007ffc7302f000 	C:\Program Files\Java\jre1.8.0_201\bin\verify.dll
0x00007ffc52650000 - 0x00007ffc52679000 	C:\Program Files\Java\jre1.8.0_201\bin\java.dll
0x00007ffc64bf0000 - 0x00007ffc64c06000 	C:\Program Files\Java\jre1.8.0_201\bin\zip.dll
0x00007ffc7eb30000 - 0x00007ffc7f215000 	C:\WINDOWS\System32\SHELL32.dll
0x00007ffc7f9c0000 - 0x00007ffc7fa69000 	C:\WINDOWS\System32\shcore.dll
0x00007ffc7db10000 - 0x00007ffc7e290000 	C:\WINDOWS\System32\windows.storage.dll
0x00007ffc7d610000 - 0x00007ffc7d633000 	C:\WINDOWS\System32\profapi.dll
0x00007ffc7d640000 - 0x00007ffc7d68a000 	C:\WINDOWS\System32\powrprof.dll
0x00007ffc7d5c0000 - 0x00007ffc7d5d0000 	C:\WINDOWS\System32\UMPDC.dll
0x00007ffc800d0000 - 0x00007ffc80122000 	C:\WINDOWS\System32\shlwapi.dll
0x00007ffc7d5d0000 - 0x00007ffc7d5e1000 	C:\WINDOWS\System32\kernel.appcore.dll
0x00007ffc7e5e0000 - 0x00007ffc7e5f7000 	C:\WINDOWS\System32\cryptsp.dll
0x00007ffc3fd60000 - 0x00007ffc3fef9000 	C:\Program Files\Java\jre1.8.0_201\bin\awt.dll
0x00007ffc7fc70000 - 0x00007ffc7fd34000 	C:\WINDOWS\System32\OLEAUT32.dll
0x00007ffc7baf0000 - 0x00007ffc7bb7f000 	C:\WINDOWS\SYSTEM32\apphelp.dll
0x00007ffc7bf30000 - 0x00007ffc7bf5d000 	C:\WINDOWS\system32\DWMAPI.DLL
0x00007ffc7bda0000 - 0x00007ffc7be39000 	C:\WINDOWS\system32\uxtheme.dll
0x00007ffc479f0000 - 0x00007ffc47b46000 	C:\WINDOWS\system32\opengl32.dll
0x00007ffc47980000 - 0x00007ffc479ac000 	C:\WINDOWS\SYSTEM32\GLU32.dll
0x00007ffc7c230000 - 0x00007ffc7c250000 	C:\WINDOWS\SYSTEM32\dxcore.dll
0x00007ffc7e970000 - 0x00007ffc7eaa6000 	C:\WINDOWS\System32\MSCTF.dll
0x00007ffc7fa70000 - 0x00007ffc7fbc7000 	C:\WINDOWS\System32\ole32.dll
0x00007ffc7c940000 - 0x00007ffc7c973000 	C:\WINDOWS\system32\rsaenh.dll
0x00007ffc7d710000 - 0x00007ffc7d736000 	C:\WINDOWS\System32\bcrypt.dll
0x00007ffc7d4b0000 - 0x00007ffc7d4d5000 	C:\WINDOWS\SYSTEM32\USERENV.dll
0x00007ffc7cfa0000 - 0x00007ffc7cfac000 	C:\WINDOWS\SYSTEM32\CRYPTBASE.dll
0x00007ffc64850000 - 0x00007ffc6486a000 	C:\Program Files\Java\jre1.8.0_201\bin\net.dll
0x00007ffc72780000 - 0x00007ffc72955000 	C:\WINDOWS\SYSTEM32\urlmon.dll
0x00007ffc72350000 - 0x00007ffc725f6000 	C:\WINDOWS\SYSTEM32\iertutil.dll
0x00007ffc7cdd0000 - 0x00007ffc7ce37000 	C:\WINDOWS\system32\mswsock.dll
0x00007ffc7cae0000 - 0x00007ffc7cb1a000 	C:\WINDOWS\SYSTEM32\IPHLPAPI.DLL
0x00007ffc7e7b0000 - 0x00007ffc7e7b8000 	C:\WINDOWS\System32\NSI.dll
0x00007ffc798f0000 - 0x00007ffc79906000 	C:\WINDOWS\SYSTEM32\dhcpcsvc6.DLL
0x00007ffc798d0000 - 0x00007ffc798ec000 	C:\WINDOWS\SYSTEM32\dhcpcsvc.DLL
0x00007ffc7cb80000 - 0x00007ffc7cc4a000 	C:\WINDOWS\SYSTEM32\DNSAPI.dll
0x00007ffc57fd0000 - 0x00007ffc57fe1000 	C:\Program Files\Java\jre1.8.0_201\bin\nio.dll
0x00000000637c0000 - 0x00000000637cd000 	C:\Users\Sean Foley\AppData\Local\Temp\jogamp_0000\file_cache\jln4546412373514522613\jln6911085303467013642\natives\windows-amd64\gluegen-rt.dll
0x00007ffc75ed0000 - 0x00007ffc75ed7000 	C:\Program Files\Java\jre1.8.0_201\bin\jawt.dll
0x000000006a440000 - 0x000000006a44d000 	C:\Users\Sean Foley\AppData\Local\Temp\jogamp_0000\file_cache\jln4546412373514522613\jln6911085303467013642\natives\windows-amd64\nativewindow_awt.dll
0x000000006c100000 - 0x000000006c10f000 	C:\Users\Sean Foley\AppData\Local\Temp\jogamp_0000\file_cache\jln4546412373514522613\jln6911085303467013642\natives\windows-amd64\nativewindow_win32.dll
0x0000000064500000 - 0x00000000645b1000 	C:\Users\Sean Foley\AppData\Local\Temp\jogamp_0000\file_cache\jln4546412373514522613\jln6911085303467013642\natives\windows-amd64\jogl_desktop.dll
0x0000000064340000 - 0x00000000643a2000 	C:\Users\Sean Foley\AppData\Local\Temp\jogamp_0000\file_cache\jln4546412373514522613\jln6911085303467013642\natives\windows-amd64\jogl_mobile.dll
0x0000000053530000 - 0x0000000055812000 	C:\WINDOWS\SYSTEM32\nvoglv64.DLL
0x00007ffc80130000 - 0x00007ffc805a0000 	C:\WINDOWS\System32\SETUPAPI.dll
0x00007ffc789d0000 - 0x00007ffc789e3000 	C:\WINDOWS\SYSTEM32\WTSAPI32.dll
0x00007ffc7d3c0000 - 0x00007ffc7d3ea000 	C:\WINDOWS\SYSTEM32\DEVOBJ.dll
0x00007ffc7d740000 - 0x00007ffc7d79c000 	C:\WINDOWS\System32\WINTRUST.dll
0x00007ffc7d5f0000 - 0x00007ffc7d602000 	C:\WINDOWS\System32\MSASN1.dll
0x00007ffc7d9c0000 - 0x00007ffc7db09000 	C:\WINDOWS\System32\CRYPT32.dll
0x00007ffc7c5f0000 - 0x00007ffc7c621000 	C:\WINDOWS\SYSTEM32\ntmarta.dll
0x00007ffc7d360000 - 0x00007ffc7d3bc000 	C:\WINDOWS\SYSTEM32\WINSTA.dll
0x00007ffc51d90000 - 0x00007ffc51dd7000 	C:\Program Files\Java\jre1.8.0_201\bin\fontmanager.dll
0x00007ffc74700000 - 0x00007ffc7479e000 	C:\WINDOWS\System32\TextInputFramework.dll
0x00007ffc74b30000 - 0x00007ffc74e5a000 	C:\WINDOWS\System32\CoreUIComponents.dll
0x00007ffc7b680000 - 0x00007ffc7b754000 	C:\WINDOWS\System32\CoreMessaging.dll
0x00007ffc79650000 - 0x00007ffc797a3000 	C:\WINDOWS\SYSTEM32\wintypes.dll
0x00007ffc711c0000 - 0x00007ffc711f1000 	C:\Program Files\Java\jre1.8.0_201\bin\jpeg.dll
0x00007ffc76980000 - 0x00007ffc76b74000 	C:\WINDOWS\SYSTEM32\dbghelp.dll

VM Arguments:
jvm_args: -Dfile.encoding=Cp1252 
java_command: a4.Starter
java_class_path (initial): C:\Users\Sean Foley\git\CS155\a3\bin;C:\JOML\joml-1.9.20.jar;C:\jogamp\jogamp-all-platforms\jar\gluegen-rt.jar;C:\jogamp\jogamp-all-platforms\jar\jogl-all.jar
Launcher Type: SUN_STANDARD

Environment Variables:
JAVA_HOME=C:\Program Files\Java\jdk1.8.0_102
JRE_HOME=C:\Program Files\Java\jre1.8.0_102
CLASSPATH=C:\jogamp\jogamp-all-platforms\jar\jogl-all.jar;C:\jogamp\jogamp-all-platforms\jar\gluegen-rt.jar;C:\JOML\joml-1.9.20.jar;
PATH=C:/Program Files/Java/jre1.8.0_201/bin/server;C:/Program Files/Java/jre1.8.0_201/bin;C:/Program Files/Java/jre1.8.0_201/lib/amd64;C:\Python27\;C:\Python27\Scripts;C:\Program Files (x86)\Common Files\Oracle\Java\javapath;C:\Program Files (x86)\NVIDIA Corporation\PhysX\Common;C:\Program Files (x86)\Intel\iCLS Client\;C:\Program Files\Intel\iCLS Client\;C:\Windows\System32;C:\Windows;C:\Windows\System32\wbem;C:\Windows\System32\WindowsPowerShell\v1.0\;C:\Program Files\Intel\Intel(R) Management Engine Components\DAL;C:\Program Files\Intel\Intel(R) Management Engine Components\IPT;C:\Program Files (x86)\Intel\Intel(R) Management Engine Components\DAL;C:\Program Files (x86)\Intel\Intel(R) Management Engine Components\IPT;C:\Program Files\PuTTY\;C:\Windows\System32\OpenSSH\;C:\Program Files\dotnet\;C:\Program Files\swipl\bin;D:\Programs\Node\;C:\ProgramData\chocolatey\bin;C:\Program Files\Git\cmd;C:\Program Files (x86)\GnuPG\bin;C:\Program Files\Microsoft SQL Server\Client SDK\ODBC\170\Tools\Binn\;C:\Program Files (x86)\Microsoft SQL Server\150\Tools\Binn\;C:\Program Files\Microsoft SQL Server\150\Tools\Binn\;C:\Program Files\Microsoft SQL Server\150\DTS\Binn\;C:\Program Files (x86)\Microsoft SQL Server\150\DTS\Binn\;C:\Users\Sean Foley\AppData\Local\Programs\Python\Python38-32\Scripts\;C:\Users\Sean Foley\AppData\Local\Programs\Python\Python38-32\;C:\iverilog\bin;C:\Users\Sean Foley\AppData\Local\Programs\Microsoft VS Code\bin;C:\MinGW\bin;C:\Users\Sean Foley\AppData\Roaming\npm;C:\Program Files\Java\jdk1.8.0_201\bin;C:\Program Files\Git\bin;C:\Users\Sean Foley\AppData\Local\GitHubDesktop\bin;%USERPROFILE%\AppData\Local\Microsoft\WindowsApps;;C:\Users\Sean Foley\Desktop;
USERNAME=Sean Foley
OS=Windows_NT
PROCESSOR_IDENTIFIER=Intel64 Family 6 Model 60 Stepping 3, GenuineIntel



---------------  S Y S T E M  ---------------

OS: Windows 10.0 , 64 bit Build 18362 (10.0.18362.778)

CPU:total 8 (initial active 8) (4 cores per cpu, 2 threads per core) family 6 model 60 stepping 3, cmov, cx8, fxsr, mmx, sse, sse2, sse3, ssse3, sse4.1, sse4.2, popcnt, avx, avx2, aes, clmul, erms, lzcnt, ht, tsc, tscinvbit, bmi1, bmi2

Memory: 4k page, physical 12463036k(4490408k free), swap 19719268k(4548740k free)

vm_info: Java HotSpot(TM) 64-Bit Server VM (25.201-b09) for windows-amd64 JRE (1.8.0_201-b09), built on Dec 15 2018 18:36:39 by "java_re" with MS VC++ 10.0 (VS2010)

time: Fri May 01 11:44:22 2020
timezone: Pacific Summer Time
elapsed time: 12 seconds (0d 0h 0m 12s)

